[[1;34mINFO[m] Scanning for projects...
[[1;33mWARNING[m] 
[[1;33mWARNING[m] Some problems were encountered while building the effective model for com.example:nishan-api:jar:0.0.1-SNAPSHOT
[[1;33mWARNING[m] The expression ${organization.name} is deprecated. Please use ${project.organization.name} instead.
[[1;33mWARNING[m] 
[[1;33mWARNING[m] It is highly recommended to fix these problems because they threaten the stability of your build.
[[1;33mWARNING[m] 
[[1;33mWARNING[m] For this reason, future Maven versions might no longer support building such malformed projects.
[[1;33mWARNING[m] 
[[1;34mINFO[m] 
[[1;34mINFO[m] [1m-----------------------< [0;36mcom.example:nishan-api[0;1m >-----------------------[m
[[1;34mINFO[m] [1mBuilding nishan-api 0.0.1-SNAPSHOT[m
[[1;34mINFO[m] [1m--------------------------------[ jar ]---------------------------------[m
[[1;34mINFO[m] 
[[1;34mINFO[m] [1m--- [0;32mmaven-clean-plugin:3.3.2:clean[m [1m(default-clean)[m @ [36mnishan-api[0;1m ---[m
[[1;34mINFO[m] Deleting /home/nishan/Desktop/Nishan/target
[[1;34mINFO[m] 
[[1;34mINFO[m] [1m--- [0;32mmaven-resources-plugin:3.3.1:resources[m [1m(default-resources)[m @ [36mnishan-api[0;1m ---[m
[[1;34mINFO[m] Copying 1 resource from src/main/resources to target/classes
[[1;34mINFO[m] Copying 2 resources from src/main/resources to target/classes
[[1;34mINFO[m] 
[[1;34mINFO[m] [1m--- [0;32mbuild-helper-maven-plugin:3.4.0:reserve-network-port[m [1m(reserve-tomcat-port)[m @ [36mnishan-api[0;1m ---[m
[[1;34mINFO[m] Reserved port 44131 for tomcat.http.port
[[1;34mINFO[m] 
[[1;34mINFO[m] [1m--- [0;32mmaven-compiler-plugin:3.11.0:compile[m [1m(default-compile)[m @ [36mnishan-api[0;1m ---[m
[[1;34mINFO[m] Changes detected - recompiling the module! :source
[[1;34mINFO[m] Compiling 15 source files with javac [debug release 20] to target/classes
[[1;34mINFO[m] 
[[1;34mINFO[m] [1m--- [0;32mmaven-resources-plugin:3.3.1:testResources[m [1m(default-testResources)[m @ [36mnishan-api[0;1m ---[m
[[1;34mINFO[m] skip non existing resourceDirectory /home/nishan/Desktop/Nishan/src/test/resources
[[1;34mINFO[m] 
[[1;34mINFO[m] [1m--- [0;32mmaven-compiler-plugin:3.11.0:testCompile[m [1m(default-testCompile)[m @ [36mnishan-api[0;1m ---[m
[[1;34mINFO[m] Changes detected - recompiling the module! :dependency
[[1;34mINFO[m] Compiling 8 source files with javac [debug release 20] to target/test-classes
[[1;34mINFO[m] 
[[1;34mINFO[m] [1m--- [0;32mmaven-surefire-plugin:3.1.2:test[m [1m(default-test)[m @ [36mnishan-api[0;1m ---[m
[[1;34mINFO[m] Using auto detected provider org.apache.maven.surefire.junitplatform.JUnitPlatformProvider
[[1;34mINFO[m] 
[[1;34mINFO[m] -------------------------------------------------------
[[1;34mINFO[m]  T E S T S
[[1;34mINFO[m] -------------------------------------------------------
[[1;34mINFO[m] Running com.example.Nishan.customer.[1mCustomerRowMapperTest[m
[[1;34mINFO[m] [1;32mTests run: [0;1;32m1[m, Failures: 0, Errors: 0, Skipped: 0, Time elapsed: 1.331 s -- in com.example.Nishan.customer.[1mCustomerRowMapperTest[m
[[1;34mINFO[m] Running com.example.Nishan.customer.[1mCustomerJpaDataAccessServiceTest[m
[[1;34mINFO[m] [1;32mTests run: [0;1;32m7[m, Failures: 0, Errors: 0, Skipped: 0, Time elapsed: 0.112 s -- in com.example.Nishan.customer.[1mCustomerJpaDataAccessServiceTest[m
[[1;34mINFO[m] Running com.example.Nishan.customer.[1mCustomerRepositoryTest[m
18:55:12.450 [main] INFO org.testcontainers.images.PullPolicy -- Image pull policy will be performed by: DefaultPullPolicy()
18:55:12.452 [main] INFO org.testcontainers.utility.ImageNameSubstitutor -- Image name substitution will be performed by: DefaultImageNameSubstitutor (composite of 'ConfigurationFileImageNameSubstitutor' and 'PrefixingImageNameSubstitutor')
18:55:12.625 [main] INFO org.testcontainers.dockerclient.DockerClientProviderStrategy -- Loaded org.testcontainers.dockerclient.UnixSocketClientProviderStrategy from ~/.testcontainers.properties, will try it first
18:55:12.671 [main] WARN org.testcontainers.dockerclient.DockerClientProviderStrategy -- DOCKER_HOST unix:///var/run/docker.sock is not listening
18:55:12.809 [main] INFO org.testcontainers.dockerclient.DockerClientProviderStrategy -- Found Docker environment with Docker accessed via Unix socket (/home/nishan/.docker/desktop/docker.sock)
18:55:12.810 [main] INFO org.testcontainers.DockerClientFactory -- Docker host IP address is localhost
18:55:12.826 [main] INFO org.testcontainers.DockerClientFactory -- Connected to docker: 
  Server Version: 26.0.0
  API Version: 1.45
  Operating System: Docker Desktop
  Total Memory: 1825 MB
18:55:12.882 [main] INFO tc.testcontainers/ryuk:0.6.0 -- Creating container for image: testcontainers/ryuk:0.6.0
18:55:13.440 [main] INFO tc.testcontainers/ryuk:0.6.0 -- Container testcontainers/ryuk:0.6.0 is starting: f2567f18c537eb0ef011faa24c1ec5227d4ac60a2cd0519cf7290078bd82f733
18:55:13.703 [main] INFO tc.testcontainers/ryuk:0.6.0 -- Container testcontainers/ryuk:0.6.0 started in PT0.819910811S
18:55:13.708 [main] INFO org.testcontainers.utility.RyukResourceReaper -- Ryuk started - will monitor and terminate Testcontainers containers on JVM exit
18:55:13.709 [main] INFO org.testcontainers.DockerClientFactory -- Checking the system...
18:55:13.709 [main] INFO org.testcontainers.DockerClientFactory -- âœ”ï¸Ž Docker server version should be at least 1.6.0
18:55:13.710 [main] INFO tc.postgres:latest -- Creating container for image: postgres:latest
18:55:13.782 [main] INFO tc.postgres:latest -- Container postgres:latest is starting: 62e380dc67dbd05ca523268acec7dae53684fb8c7052f78bde285ece4f03ef04
18:55:14.758 [main] INFO tc.postgres:latest -- Container postgres:latest started in PT1.047859017S
18:55:14.759 [main] INFO tc.postgres:latest -- Container is started (JDBC URL: jdbc:postgresql://localhost:44879/nishan-dao-unit-test?loggerLevel=OFF)
18:55:14.814 [main] INFO org.springframework.test.context.support.AnnotationConfigContextLoaderUtils -- Could not detect default configuration classes for test class [com.example.Nishan.customer.CustomerRepositoryTest]: CustomerRepositoryTest does not declare any static, non-private, non-final, nested classes annotated with @Configuration.
18:55:14.893 [main] INFO org.springframework.boot.test.context.SpringBootTestContextBootstrapper -- Found @SpringBootConfiguration com.example.Nishan.AmigosApplication for test class com.example.Nishan.customer.CustomerRepositoryTest
18:55:14.936 [main] INFO org.flywaydb.core.internal.license.VersionPrinter -- Flyway Community Edition 9.22.3 by Redgate
18:55:14.936 [main] INFO org.flywaydb.core.internal.license.VersionPrinter -- See release notes here: https://rd.gt/416ObMi
18:55:14.936 [main] INFO org.flywaydb.core.internal.license.VersionPrinter -- 
18:55:15.071 [main] INFO org.flywaydb.core.FlywayExecutor -- Database: jdbc:postgresql://localhost:44879/nishan-dao-unit-test (PostgreSQL 16.2)
18:55:15.081 [main] WARN org.flywaydb.core.internal.database.base.Database -- Flyway upgrade recommended: PostgreSQL 16.2 is newer than this version of Flyway and support has not been tested. The latest supported version of PostgreSQL is 15.
18:55:15.124 [main] INFO org.flywaydb.core.internal.schemahistory.JdbcTableSchemaHistory -- Schema history table "public"."flyway_schema_history" does not exist yet
18:55:15.129 [main] INFO org.flywaydb.core.internal.command.DbValidate -- Successfully validated 2 migrations (execution time 00:00.039s)
18:55:15.146 [main] INFO org.flywaydb.core.internal.schemahistory.JdbcTableSchemaHistory -- Creating Schema History table "public"."flyway_schema_history" ...
18:55:15.188 [main] INFO org.flywaydb.core.internal.command.DbMigrate -- Current version of schema "public": << Empty Schema >>
18:55:15.195 [main] INFO org.flywaydb.core.internal.command.DbMigrate -- Migrating schema "public" to version "1 - Initial Setup"
18:55:15.222 [main] INFO org.flywaydb.core.internal.command.DbMigrate -- Migrating schema "public" to version "2 - Add Unique Constraint To Table Customer"
18:55:15.236 [main] INFO org.flywaydb.core.internal.command.DbMigrate -- Successfully applied 2 migrations to schema "public", now at version v2 (execution time 00:00.016s)

  .   ____          _            __ _ _
 /\\ / ___'_ __ _ _(_)_ __  __ _ \ \ \ \
( ( )\___ | '_ | '_| | '_ \/ _` | \ \ \ \
 \\/  ___)| |_)| | | | | || (_| |  ) ) ) )
  '  |____| .__|_| |_|_| |_\__, | / / / /
 =========|_|==============|___/=/_/_/_/
 :: Spring Boot ::                (v3.2.2)

2024-06-04T18:55:15.535+05:45  INFO 71923 --- [           main] c.e.N.customer.CustomerRepositoryTest    : Starting CustomerRepositoryTest using Java 20.0.2 with PID 71923 (started by nishan in /home/nishan/Desktop/Nishan)
2024-06-04T18:55:15.536+05:45  INFO 71923 --- [           main] c.e.N.customer.CustomerRepositoryTest    : No active profile set, falling back to 1 default profile: "default"
2024-06-04T18:55:15.760+05:45  INFO 71923 --- [           main] .s.d.r.c.RepositoryConfigurationDelegate : Multiple Spring Data modules found, entering strict repository configuration mode
2024-06-04T18:55:15.761+05:45  INFO 71923 --- [           main] .s.d.r.c.RepositoryConfigurationDelegate : Bootstrapping Spring Data JPA repositories in DEFAULT mode.
2024-06-04T18:55:15.833+05:45  INFO 71923 --- [           main] .s.d.r.c.RepositoryConfigurationDelegate : Finished Spring Data repository scanning in 67 ms. Found 1 JPA repository interface.
2024-06-04T18:55:15.994+05:45  INFO 71923 --- [           main] com.zaxxer.hikari.HikariDataSource       : HikariPool-1 - Starting...
2024-06-04T18:55:16.014+05:45  INFO 71923 --- [           main] com.zaxxer.hikari.pool.HikariPool        : HikariPool-1 - Added connection org.postgresql.jdbc.PgConnection@31cd0efa
2024-06-04T18:55:16.015+05:45  INFO 71923 --- [           main] com.zaxxer.hikari.HikariDataSource       : HikariPool-1 - Start completed.
2024-06-04T18:55:16.037+05:45  INFO 71923 --- [           main] org.flywaydb.core.FlywayExecutor         : Database: jdbc:postgresql://localhost:44879/nishan-dao-unit-test (PostgreSQL 16.2)
2024-06-04T18:55:16.042+05:45  WARN 71923 --- [           main] o.f.c.internal.database.base.Database    : Flyway upgrade recommended: PostgreSQL 16.2 is newer than this version of Flyway and support has not been tested. The latest supported version of PostgreSQL is 15.
2024-06-04T18:55:16.051+05:45  INFO 71923 --- [           main] o.f.core.internal.command.DbValidate     : Successfully validated 2 migrations (execution time 00:00.006s)
2024-06-04T18:55:16.070+05:45  INFO 71923 --- [           main] o.f.core.internal.command.DbMigrate      : Current version of schema "public": 2
2024-06-04T18:55:16.071+05:45  INFO 71923 --- [           main] o.f.core.internal.command.DbMigrate      : Schema "public" is up to date. No migration necessary.
2024-06-04T18:55:16.156+05:45  INFO 71923 --- [           main] o.hibernate.jpa.internal.util.LogHelper  : HHH000204: Processing PersistenceUnitInfo [name: default]
2024-06-04T18:55:16.198+05:45  INFO 71923 --- [           main] org.hibernate.Version                    : HHH000412: Hibernate ORM core version 6.4.1.Final
2024-06-04T18:55:16.218+05:45  INFO 71923 --- [           main] o.h.c.internal.RegionFactoryInitiator    : HHH000026: Second-level cache disabled
2024-06-04T18:55:16.265+05:45  INFO 71923 --- [           main] o.s.o.j.p.SpringPersistenceUnitInfo      : No LoadTimeWeaver setup: ignoring JPA class transformer
2024-06-04T18:55:16.309+05:45  WARN 71923 --- [           main] org.hibernate.orm.deprecation            : HHH90000025: PostgreSQLDialect does not need to be specified explicitly using 'hibernate.dialect' (remove the property setting and it will be selected by default)
2024-06-04T18:55:16.660+05:45  INFO 71923 --- [           main] o.h.e.t.j.p.i.JtaPlatformInitiator       : HHH000489: No JTA platform available (set 'hibernate.transaction.jta.platform' to enable JTA platform integration)
Hibernate: 
    alter table if exists customer 
       alter column id set data type integer
2024-06-04T18:55:16.697+05:45  INFO 71923 --- [           main] j.LocalContainerEntityManagerFactoryBean : Initialized JPA EntityManagerFactory for persistence unit 'default'
2024-06-04T18:55:16.867+05:45  WARN 71923 --- [           main] JpaBaseConfiguration$JpaWebConfiguration : spring.jpa.open-in-view is enabled by default. Therefore, database queries may be performed during view rendering. Explicitly configure spring.jpa.open-in-view to disable this warning
2024-06-04T18:55:16.907+05:45  INFO 71923 --- [           main] c.e.N.customer.CustomerRepositoryTest    : Started CustomerRepositoryTest in 1.627 seconds (process running for 6.819)
Hibernate: 
    select
        nextval('customer_id_seq')
Hibernate: 
    insert 
    into
        customer
        (age, email, name, id) 
    values
        (?, ?, ?, ?)
91
Hibernate: 
    select
        c1_0.id 
    from
        customer c1_0 
    where
        c1_0.email=? 
    fetch
        first ? rows only
91
Hibernate: 
    select
        nextval('customer_id_seq')
Hibernate: 
    insert 
    into
        customer
        (age, email, name, id) 
    values
        (?, ?, ?, ?)
Hibernate: 
    select
        c1_0.id,
        c1_0.age,
        c1_0.email,
        c1_0.name 
    from
        customer c1_0
Hibernate: 
    select
        c1_0.id 
    from
        customer c1_0 
    where
        c1_0.id=? 
    fetch
        first ? rows only
91
Hibernate: 
    select
        nextval('customer_id_seq')
Hibernate: 
    insert 
    into
        customer
        (age, email, name, id) 
    values
        (?, ?, ?, ?)
Hibernate: 
    select
        c1_0.id,
        c1_0.age,
        c1_0.email,
        c1_0.name 
    from
        customer c1_0
Hibernate: 
    select
        c1_0.id 
    from
        customer c1_0 
    where
        c1_0.email=? 
    fetch
        first ? rows only
91
Hibernate: 
    select
        c1_0.id 
    from
        customer c1_0 
    where
        c1_0.id=? 
    fetch
        first ? rows only
[[1;34mINFO[m] [1;32mTests run: [0;1;32m4[m, Failures: 0, Errors: 0, Skipped: 0, Time elapsed: 5.042 s -- in com.example.Nishan.customer.[1mCustomerRepositoryTest[m
[[1;34mINFO[m] Running com.example.Nishan.customer.[1mCustomerServiceTest[m
[[1;34mINFO[m] [1;32mTests run: [0;1;32m13[m, Failures: 0, Errors: 0, Skipped: 0, Time elapsed: 0.111 s -- in com.example.Nishan.customer.[1mCustomerServiceTest[m
[[1;34mINFO[m] Running com.example.Nishan.customer.[1mCustomerJDBCDataAccessServiceTest[m
2024-06-04T18:55:17.561+05:45  INFO 71923 --- [           main] tc.postgres:latest                       : Creating container for image: postgres:latest
2024-06-04T18:55:17.667+05:45  INFO 71923 --- [           main] tc.postgres:latest                       : Container postgres:latest is starting: f96fb10b15adfe491f274e359db6478fd9cfcbf6148ce3d4c4f71f29719c158b
2024-06-04T18:55:18.624+05:45  INFO 71923 --- [           main] tc.postgres:latest                       : Container postgres:latest started in PT1.062882335S
2024-06-04T18:55:18.625+05:45  INFO 71923 --- [           main] tc.postgres:latest                       : Container is started (JDBC URL: jdbc:postgresql://localhost:45641/nishan-dao-unit-test?loggerLevel=OFF)
2024-06-04T18:55:18.640+05:45  INFO 71923 --- [           main] org.flywaydb.core.FlywayExecutor         : Database: jdbc:postgresql://localhost:45641/nishan-dao-unit-test (PostgreSQL 16.2)
2024-06-04T18:55:18.646+05:45  WARN 71923 --- [           main] o.f.c.internal.database.base.Database    : Flyway upgrade recommended: PostgreSQL 16.2 is newer than this version of Flyway and support has not been tested. The latest supported version of PostgreSQL is 15.
2024-06-04T18:55:18.652+05:45  INFO 71923 --- [           main] o.f.c.i.s.JdbcTableSchemaHistory         : Schema history table "public"."flyway_schema_history" does not exist yet
2024-06-04T18:55:18.653+05:45  INFO 71923 --- [           main] o.f.core.internal.command.DbValidate     : Successfully validated 2 migrations (execution time 00:00.004s)
2024-06-04T18:55:18.663+05:45  INFO 71923 --- [           main] o.f.c.i.s.JdbcTableSchemaHistory         : Creating Schema History table "public"."flyway_schema_history" ...
2024-06-04T18:55:18.687+05:45  INFO 71923 --- [           main] o.f.core.internal.command.DbMigrate      : Current version of schema "public": << Empty Schema >>
2024-06-04T18:55:18.691+05:45  INFO 71923 --- [           main] o.f.core.internal.command.DbMigrate      : Migrating schema "public" to version "1 - Initial Setup"
2024-06-04T18:55:18.703+05:45  INFO 71923 --- [           main] o.f.core.internal.command.DbMigrate      : Migrating schema "public" to version "2 - Add Unique Constraint To Table Customer"
2024-06-04T18:55:18.712+05:45  INFO 71923 --- [           main] o.f.core.internal.command.DbMigrate      : Successfully applied 2 migrations to schema "public", now at version v2 (execution time 00:00.007s)
2024-06-04T18:55:18.721+05:45  INFO 71923 --- [           main] com.zaxxer.hikari.HikariDataSource       : HikariPool-2 - Starting...
2024-06-04T18:55:18.733+05:45  INFO 71923 --- [           main] com.zaxxer.hikari.pool.HikariPool        : HikariPool-2 - Added connection org.postgresql.jdbc.PgConnection@4433e4e2
2024-06-04T18:55:18.733+05:45  INFO 71923 --- [           main] com.zaxxer.hikari.HikariDataSource       : HikariPool-2 - Start completed.
2024-06-04T18:55:18.740+05:45  INFO 71923 --- [           main] com.zaxxer.hikari.HikariDataSource       : HikariPool-3 - Starting...
2024-06-04T18:55:18.753+05:45  INFO 71923 --- [           main] com.zaxxer.hikari.pool.HikariPool        : HikariPool-3 - Added connection org.postgresql.jdbc.PgConnection@3729cdaf
2024-06-04T18:55:18.753+05:45  INFO 71923 --- [           main] com.zaxxer.hikari.HikariDataSource       : HikariPool-3 - Start completed.
2024-06-04T18:55:18.763+05:45  INFO 71923 --- [           main] com.zaxxer.hikari.HikariDataSource       : HikariPool-4 - Starting...
2024-06-04T18:55:18.780+05:45  INFO 71923 --- [           main] com.zaxxer.hikari.pool.HikariPool        : HikariPool-4 - Added connection org.postgresql.jdbc.PgConnection@4f21ed2d
2024-06-04T18:55:18.780+05:45  INFO 71923 --- [           main] com.zaxxer.hikari.HikariDataSource       : HikariPool-4 - Start completed.
2024-06-04T18:55:18.795+05:45  INFO 71923 --- [           main] com.zaxxer.hikari.HikariDataSource       : HikariPool-5 - Starting...
2024-06-04T18:55:18.806+05:45  INFO 71923 --- [           main] com.zaxxer.hikari.pool.HikariPool        : HikariPool-5 - Added connection org.postgresql.jdbc.PgConnection@2c8d537e
2024-06-04T18:55:18.806+05:45  INFO 71923 --- [           main] com.zaxxer.hikari.HikariDataSource       : HikariPool-5 - Start completed.
2024-06-04T18:55:18.817+05:45  INFO 71923 --- [           main] com.zaxxer.hikari.HikariDataSource       : HikariPool-6 - Starting...
2024-06-04T18:55:18.835+05:45  INFO 71923 --- [           main] com.zaxxer.hikari.pool.HikariPool        : HikariPool-6 - Added connection org.postgresql.jdbc.PgConnection@431ac922
2024-06-04T18:55:18.835+05:45  INFO 71923 --- [           main] com.zaxxer.hikari.HikariDataSource       : HikariPool-6 - Start completed.
2024-06-04T18:55:18.842+05:45  INFO 71923 --- [           main] com.zaxxer.hikari.HikariDataSource       : HikariPool-7 - Starting...
2024-06-04T18:55:18.852+05:45  INFO 71923 --- [           main] com.zaxxer.hikari.pool.HikariPool        : HikariPool-7 - Added connection org.postgresql.jdbc.PgConnection@50e7ee70
2024-06-04T18:55:18.852+05:45  INFO 71923 --- [           main] com.zaxxer.hikari.HikariDataSource       : HikariPool-7 - Start completed.
2024-06-04T18:55:18.859+05:45  INFO 71923 --- [           main] com.zaxxer.hikari.HikariDataSource       : HikariPool-8 - Starting...
2024-06-04T18:55:18.874+05:45  INFO 71923 --- [           main] com.zaxxer.hikari.pool.HikariPool        : HikariPool-8 - Added connection org.postgresql.jdbc.PgConnection@2de77ecf
2024-06-04T18:55:18.875+05:45  INFO 71923 --- [           main] com.zaxxer.hikari.HikariDataSource       : HikariPool-8 - Start completed.
2024-06-04T18:55:18.879+05:45  INFO 71923 --- [           main] com.zaxxer.hikari.HikariDataSource       : HikariPool-9 - Starting...
2024-06-04T18:55:18.889+05:45  INFO 71923 --- [           main] com.zaxxer.hikari.pool.HikariPool        : HikariPool-9 - Added connection org.postgresql.jdbc.PgConnection@749e4d40
2024-06-04T18:55:18.890+05:45  INFO 71923 --- [           main] com.zaxxer.hikari.HikariDataSource       : HikariPool-9 - Start completed.
2024-06-04T18:55:18.897+05:45  INFO 71923 --- [           main] com.zaxxer.hikari.HikariDataSource       : HikariPool-10 - Starting...
2024-06-04T18:55:18.906+05:45  INFO 71923 --- [           main] com.zaxxer.hikari.pool.HikariPool        : HikariPool-10 - Added connection org.postgresql.jdbc.PgConnection@7d518749
2024-06-04T18:55:18.906+05:45  INFO 71923 --- [           main] com.zaxxer.hikari.HikariDataSource       : HikariPool-10 - Start completed.
2024-06-04T18:55:18.916+05:45  INFO 71923 --- [           main] com.zaxxer.hikari.HikariDataSource       : HikariPool-11 - Starting...
2024-06-04T18:55:18.929+05:45  INFO 71923 --- [           main] com.zaxxer.hikari.pool.HikariPool        : HikariPool-11 - Added connection org.postgresql.jdbc.PgConnection@4f01d2ea
2024-06-04T18:55:18.930+05:45  INFO 71923 --- [           main] com.zaxxer.hikari.HikariDataSource       : HikariPool-11 - Start completed.
2024-06-04T18:55:18.939+05:45  INFO 71923 --- [           main] com.zaxxer.hikari.HikariDataSource       : HikariPool-12 - Starting...
2024-06-04T18:55:18.955+05:45  INFO 71923 --- [           main] com.zaxxer.hikari.pool.HikariPool        : HikariPool-12 - Added connection org.postgresql.jdbc.PgConnection@6ed99447
2024-06-04T18:55:18.955+05:45  INFO 71923 --- [           main] com.zaxxer.hikari.HikariDataSource       : HikariPool-12 - Start completed.
2024-06-04T18:55:18.964+05:45  INFO 71923 --- [           main] com.zaxxer.hikari.HikariDataSource       : HikariPool-13 - Starting...
2024-06-04T18:55:18.978+05:45  INFO 71923 --- [           main] com.zaxxer.hikari.pool.HikariPool        : HikariPool-13 - Added connection org.postgresql.jdbc.PgConnection@2317b0cf
2024-06-04T18:55:18.979+05:45  INFO 71923 --- [           main] com.zaxxer.hikari.HikariDataSource       : HikariPool-13 - Start completed.
2024-06-04T18:55:18.984+05:45  INFO 71923 --- [           main] com.zaxxer.hikari.HikariDataSource       : HikariPool-14 - Starting...
2024-06-04T18:55:19.002+05:45  INFO 71923 --- [           main] com.zaxxer.hikari.pool.HikariPool        : HikariPool-14 - Added connection org.postgresql.jdbc.PgConnection@41854000
2024-06-04T18:55:19.002+05:45  INFO 71923 --- [           main] com.zaxxer.hikari.HikariDataSource       : HikariPool-14 - Start completed.
[[1;34mINFO[m] [1;32mTests run: [0;1;32m13[m, Failures: 0, Errors: 0, Skipped: 0, Time elapsed: 1.704 s -- in com.example.Nishan.customer.[1mCustomerJDBCDataAccessServiceTest[m
[[1;34mINFO[m] Running com.example.Nishan.[1mTestcontainersTest[m
2024-06-04T18:55:19.267+05:45  INFO 71923 --- [           main] tc.postgres:latest                       : Creating container for image: postgres:latest
2024-06-04T18:55:19.343+05:45  INFO 71923 --- [           main] tc.postgres:latest                       : Container postgres:latest is starting: 26063e949ebd271fd056e015537267bdd86730a6cb0ff3e60f3b8de896134c28
2024-06-04T18:55:20.377+05:45  INFO 71923 --- [           main] tc.postgres:latest                       : Container postgres:latest started in PT1.109968185S
2024-06-04T18:55:20.377+05:45  INFO 71923 --- [           main] tc.postgres:latest                       : Container is started (JDBC URL: jdbc:postgresql://localhost:39747/nishan-dao-unit-test?loggerLevel=OFF)
2024-06-04T18:55:20.396+05:45  INFO 71923 --- [           main] org.flywaydb.core.FlywayExecutor         : Database: jdbc:postgresql://localhost:39747/nishan-dao-unit-test (PostgreSQL 16.2)
2024-06-04T18:55:20.399+05:45  WARN 71923 --- [           main] o.f.c.internal.database.base.Database    : Flyway upgrade recommended: PostgreSQL 16.2 is newer than this version of Flyway and support has not been tested. The latest supported version of PostgreSQL is 15.
2024-06-04T18:55:20.405+05:45  INFO 71923 --- [           main] o.f.c.i.s.JdbcTableSchemaHistory         : Schema history table "public"."flyway_schema_history" does not exist yet
2024-06-04T18:55:20.406+05:45  INFO 71923 --- [           main] o.f.core.internal.command.DbValidate     : Successfully validated 2 migrations (execution time 00:00.003s)
2024-06-04T18:55:20.414+05:45  INFO 71923 --- [           main] o.f.c.i.s.JdbcTableSchemaHistory         : Creating Schema History table "public"."flyway_schema_history" ...
2024-06-04T18:55:20.435+05:45  INFO 71923 --- [           main] o.f.core.internal.command.DbMigrate      : Current version of schema "public": << Empty Schema >>
2024-06-04T18:55:20.438+05:45  INFO 71923 --- [           main] o.f.core.internal.command.DbMigrate      : Migrating schema "public" to version "1 - Initial Setup"
2024-06-04T18:55:20.452+05:45  INFO 71923 --- [           main] o.f.core.internal.command.DbMigrate      : Migrating schema "public" to version "2 - Add Unique Constraint To Table Customer"
2024-06-04T18:55:20.462+05:45  INFO 71923 --- [           main] o.f.core.internal.command.DbMigrate      : Successfully applied 2 migrations to schema "public", now at version v2 (execution time 00:00.007s)
[[1;34mINFO[m] [1;32mTests run: [0;1;32m1[m, Failures: 0, Errors: 0, Skipped: 0, Time elapsed: 1.412 s -- in com.example.Nishan.[1mTestcontainersTest[m
[[1;34mINFO[m] 
[[1;34mINFO[m] Results:
[[1;34mINFO[m] 
[[1;34mINFO[m] [1;32mTests run: 39, Failures: 0, Errors: 0, Skipped: 0[m
[[1;34mINFO[m] 
[[1;34mINFO[m] 
[[1;34mINFO[m] [1m--- [0;32mmaven-jar-plugin:3.3.0:jar[m [1m(default-jar)[m @ [36mnishan-api[0;1m ---[m
[[1;34mINFO[m] Building jar: /home/nishan/Desktop/Nishan/target/nishan-api-0.0.1-SNAPSHOT.jar
[[1;34mINFO[m] 
[[1;34mINFO[m] [1m--- [0;32mspring-boot-maven-plugin:3.2.2:repackage[m [1m(repackage)[m @ [36mnishan-api[0;1m ---[m
[[1;34mINFO[m] Replacing main artifact /home/nishan/Desktop/Nishan/target/nishan-api-0.0.1-SNAPSHOT.jar with repackaged archive, adding nested dependencies in BOOT-INF/.
[[1;34mINFO[m] The original artifact has been renamed to /home/nishan/Desktop/Nishan/target/nishan-api-0.0.1-SNAPSHOT.jar.original
[[1;34mINFO[m] [1m------------------------------------------------------------------------[m
[[1;34mINFO[m] [1;32mBUILD SUCCESS[m
[[1;34mINFO[m] [1m------------------------------------------------------------------------[m
[[1;34mINFO[m] Total time:  14.895 s
[[1;34mINFO[m] Finished at: 2024-06-04T18:55:21+05:45
[[1;34mINFO[m] [1m------------------------------------------------------------------------[m
